0 verbose cli /usr/local/bin/node /usr/local/bin/npm
1 info using npm@10.9.2
2 info using node@v22.14.0
3 silly config load:file:/usr/local/lib/node_modules/npm/npmrc
4 silly config load:file:/Users/chihairou/development/mineserver-cli/.npm-global/.npmrc
5 silly config load:file:/Users/chihairou/.npmrc
6 silly config load:file:/Users/chihairou/development/mineserver-cli/.npm-global/etc/npmrc
7 verbose title npm link
8 verbose argv "link" "--prefix" "/Users/chihairou/development/mineserver-cli/.npm-global" "--cache" "/Users/chihairou/development/mineserver-cli/.npm-cache"
9 verbose logfile logs-max:10 dir:/Users/chihairou/development/mineserver-cli/.npm-cache/_logs/2025-12-11T08_21_13_655Z-
10 verbose logfile /Users/chihairou/development/mineserver-cli/.npm-cache/_logs/2025-12-11T08_21_13_655Z-debug-0.log
11 silly logfile done cleaning log files
12 silly packumentCache heap:4345298944 maxSize:1086324736 maxEntrySize:543162368
13 http fetch GET https://registry.npmjs.org/npm attempt 1 failed with ENOTFOUND
14 verbose stack Error: Could not read package.json: Error: ENOENT: no such file or directory, open '/Users/chihairou/development/mineserver-cli/.npm-global/package.json'
14 verbose stack     at async open (node:internal/fs/promises:638:25)
14 verbose stack     at async readFile (node:internal/fs/promises:1242:14)
14 verbose stack     at async read (/usr/local/lib/node_modules/npm/node_modules/@npmcli/package-json/lib/read-package.js:9:18)
14 verbose stack     at async PackageJson.load (/usr/local/lib/node_modules/npm/node_modules/@npmcli/package-json/lib/index.js:131:31)
14 verbose stack     at async PackageJson.normalize (/usr/local/lib/node_modules/npm/node_modules/@npmcli/package-json/lib/index.js:117:5)
14 verbose stack     at async /usr/local/lib/node_modules/npm/node_modules/@npmcli/arborist/lib/arborist/build-ideal-tree.js:515:22
14 verbose stack     at async Promise.all (index 0)
14 verbose stack     at async #add (/usr/local/lib/node_modules/npm/node_modules/@npmcli/arborist/lib/arborist/build-ideal-tree.js:504:5)
14 verbose stack     at async #applyUserRequestsToNode (/usr/local/lib/node_modules/npm/node_modules/@npmcli/arborist/lib/arborist/build-ideal-tree.js:473:7)
14 verbose stack     at async #applyUserRequests (/usr/local/lib/node_modules/npm/node_modules/@npmcli/arborist/lib/arborist/build-ideal-tree.js:408:7)
15 error code ENOENT
16 error syscall open
17 error path /Users/chihairou/development/mineserver-cli/.npm-global/package.json
18 error errno -2
19 error enoent Could not read package.json: Error: ENOENT: no such file or directory, open '/Users/chihairou/development/mineserver-cli/.npm-global/package.json'
20 error enoent This is related to npm not being able to find a file.
20 error enoent
21 silly unfinished npm timer reify 1765441273750
22 silly unfinished npm timer reify:loadTrees 1765441273778
23 silly unfinished npm timer idealTree:userRequests 1765441273780
24 verbose cwd /Users/chihairou/development/mineserver-cli
25 verbose os Darwin 25.0.0
26 verbose node v22.14.0
27 verbose npm  v10.9.2
28 verbose exit -2
29 verbose code -2
30 error A complete log of this run can be found in: /Users/chihairou/development/mineserver-cli/.npm-cache/_logs/2025-12-11T08_21_13_655Z-debug-0.log
